27-07-2018 11:09:47.740 [restartedMain] INFO  c.i.k.KafkaConsumerApplication.logStarting - Starting KafkaConsumerApplication on IRIS-CSG-1206 with PID 7628 (E:\workspace\kafkaConsumer\target\classes started by rohit.chauhan in E:\workspace\kafkaConsumer)
27-07-2018 11:09:47.740 [restartedMain] INFO  c.i.k.KafkaConsumerApplication.logStartupProfileInfo - No active profile set, falling back to default profiles: default
27-07-2018 11:09:47.834 [restartedMain] INFO  o.s.b.w.s.c.AnnotationConfigServletWebServerApplicationContext.prepareRefresh - Refreshing org.springframework.boot.web.servlet.context.AnnotationConfigServletWebServerApplicationContext@32a60e39: startup date [Fri Jul 27 11:09:47 IST 2018]; root of context hierarchy
27-07-2018 11:09:49.964 [restartedMain] INFO  o.s.b.f.s.DefaultListableBeanFactory.registerBeanDefinition - Overriding bean definition for bean 'httpRequestHandlerAdapter' with a different definition: replacing [Root bean: class [null]; scope=; abstract=false; lazyInit=false; autowireMode=3; dependencyCheck=0; autowireCandidate=true; primary=false; factoryBeanName=org.springframework.boot.autoconfigure.web.servlet.WebMvcAutoConfiguration$EnableWebMvcConfiguration; factoryMethodName=httpRequestHandlerAdapter; initMethodName=null; destroyMethodName=(inferred); defined in class path resource [org/springframework/boot/autoconfigure/web/servlet/WebMvcAutoConfiguration$EnableWebMvcConfiguration.class]] with [Root bean: class [null]; scope=; abstract=false; lazyInit=false; autowireMode=3; dependencyCheck=0; autowireCandidate=true; primary=false; factoryBeanName=org.springframework.data.rest.webmvc.config.RepositoryRestMvcConfiguration; factoryMethodName=httpRequestHandlerAdapter; initMethodName=null; destroyMethodName=(inferred); defined in class path resource [org/springframework/data/rest/webmvc/config/RepositoryRestMvcConfiguration.class]]
27-07-2018 11:09:50.440 [restartedMain] INFO  o.s.c.s.PostProcessorRegistrationDelegate$BeanPostProcessorChecker.postProcessAfterInitialization - Bean 'org.springframework.kafka.annotation.KafkaBootstrapConfiguration' of type [org.springframework.kafka.annotation.KafkaBootstrapConfiguration$$EnhancerBySpringCGLIB$$784a42fc] is not eligible for getting processed by all BeanPostProcessors (for example: not eligible for auto-proxying)
27-07-2018 11:09:50.565 [restartedMain] INFO  o.s.c.s.PostProcessorRegistrationDelegate$BeanPostProcessorChecker.postProcessAfterInitialization - Bean 'org.springframework.transaction.annotation.ProxyTransactionManagementConfiguration' of type [org.springframework.transaction.annotation.ProxyTransactionManagementConfiguration$$EnhancerBySpringCGLIB$$a4983179] is not eligible for getting processed by all BeanPostProcessors (for example: not eligible for auto-proxying)
27-07-2018 11:09:51.027 [restartedMain] INFO  o.s.b.w.e.tomcat.TomcatWebServer.initialize - Tomcat initialized with port(s): 8081 (http)
27-07-2018 11:09:51.054 [restartedMain] INFO  o.a.catalina.core.StandardService.log - Starting service [Tomcat]
27-07-2018 11:09:51.054 [restartedMain] INFO  o.a.catalina.core.StandardEngine.log - Starting Servlet Engine: Apache Tomcat/8.5.31
27-07-2018 11:09:51.054 [localhost-startStop-1] INFO  o.a.c.core.AprLifecycleListener.log - The APR based Apache Tomcat Native library which allows optimal performance in production environments was not found on the java.library.path: [C:\Program Files\Java\jre1.8.0_172\bin;C:\WINDOWS\Sun\Java\bin;C:\WINDOWS\system32;C:\WINDOWS;C:/Program Files/Java/jre1.8.0_172/bin/server;C:/Program Files/Java/jre1.8.0_172/bin;C:/Program Files/Java/jre1.8.0_172/lib/amd64;C:\Program Files (x86)\Intel\iCLS Client\;C:\Program Files\Intel\iCLS Client\;C:\Program Files (x86)\Common Files\Oracle\Java\javapath;C:\WINDOWS\system32;C:\WINDOWS;C:\WINDOWS\System32\Wbem;C:\WINDOWS\System32\WindowsPowerShell\v1.0\;C:\Program Files (x86)\Intel\Intel(R) Management Engine Components\DAL;C:\Program Files\Intel\Intel(R) Management Engine Components\DAL;C:\Program Files (x86)\Intel\Intel(R) Management Engine Components\IPT;C:\Program Files\Intel\Intel(R) Management Engine Components\IPT;E:\apache-maven-3.3.9-bin\bin;C:\apache-ignite-fabric-2.5.0-bin\bin;C:\Program Files\TortoiseGit\bin;C:\Users\rohit.chauhan\bin\Sencha\Cmd\6.5.3.6;C:\Users\rohit.chauhan\AppData\Local\Microsoft\WindowsApps;E:\zookeeper-3.4.12\bin;C:\Program Files\Java\jdk1.8.0_152\bin;C:\Users\rohit.chauhan\AppData\Local\Programs\Git\cmd;;E:\eclipse-java-oxygen-1a-win32-x86_64 - Copy\eclipse;;.]
27-07-2018 11:09:51.195 [localhost-startStop-1] INFO  o.a.c.c.C.[Tomcat].[localhost].[/].log - Initializing Spring embedded WebApplicationContext
27-07-2018 11:09:51.195 [localhost-startStop-1] INFO  o.s.web.context.ContextLoader.prepareWebApplicationContext - Root WebApplicationContext: initialization completed in 3361 ms
27-07-2018 11:09:51.664 [localhost-startStop-1] INFO  com.zaxxer.hikari.HikariDataSource.getConnection - HikariPool-1 - Starting...
27-07-2018 11:09:51.893 [localhost-startStop-1] INFO  com.zaxxer.hikari.HikariDataSource.getConnection - HikariPool-1 - Start completed.
27-07-2018 11:09:52.236 [localhost-startStop-1] INFO  o.s.b.w.s.ServletRegistrationBean.addRegistration - Servlet dispatcherServlet mapped to [/]
27-07-2018 11:09:52.244 [localhost-startStop-1] INFO  o.s.b.w.s.FilterRegistrationBean.configure - Mapping filter: 'characterEncodingFilter' to: [/*]
27-07-2018 11:09:52.244 [localhost-startStop-1] INFO  o.s.b.w.s.FilterRegistrationBean.configure - Mapping filter: 'hiddenHttpMethodFilter' to: [/*]
27-07-2018 11:09:52.244 [localhost-startStop-1] INFO  o.s.b.w.s.FilterRegistrationBean.configure - Mapping filter: 'httpPutFormContentFilter' to: [/*]
27-07-2018 11:09:52.244 [localhost-startStop-1] INFO  o.s.b.w.s.FilterRegistrationBean.configure - Mapping filter: 'requestContextFilter' to: [/*]
27-07-2018 11:09:52.244 [localhost-startStop-1] INFO  o.s.b.w.s.FilterRegistrationBean.configure - Mapping filter: 'httpTraceFilter' to: [/*]
27-07-2018 11:09:52.244 [localhost-startStop-1] INFO  o.s.b.w.s.FilterRegistrationBean.configure - Mapping filter: 'webMvcMetricsFilter' to: [/*]
27-07-2018 11:09:52.369 [restartedMain] INFO  com.hazelcast.instance.AddressPicker.log - [LOCAL] [dev] [3.9.4] Prefer IPv4 stack is true.
27-07-2018 11:09:52.400 [restartedMain] INFO  com.hazelcast.instance.AddressPicker.log - [LOCAL] [dev] [3.9.4] Picked [172.16.14.29]:5701, using socket ServerSocket[addr=/0:0:0:0:0:0:0:0,localport=5701], bind any local is true
27-07-2018 11:09:52.415 [restartedMain] INFO  com.hazelcast.system.log - [172.16.14.29]:5701 [dev] [3.9.4] Hazelcast 3.9.4 (20180420 - b8001d5) starting at [172.16.14.29]:5701
27-07-2018 11:09:52.415 [restartedMain] INFO  com.hazelcast.system.log - [172.16.14.29]:5701 [dev] [3.9.4] Copyright (c) 2008-2018, Hazelcast, Inc. All Rights Reserved.
27-07-2018 11:09:52.415 [restartedMain] INFO  com.hazelcast.system.log - [172.16.14.29]:5701 [dev] [3.9.4] Configured Hazelcast Serialization version: 1
27-07-2018 11:09:52.681 [restartedMain] INFO  c.h.s.i.o.impl.BackpressureRegulator.log - [172.16.14.29]:5701 [dev] [3.9.4] Backpressure is disabled
27-07-2018 11:09:53.179 [restartedMain] INFO  com.hazelcast.instance.Node.log - [172.16.14.29]:5701 [dev] [3.9.4] Creating MulticastJoiner
27-07-2018 11:09:53.367 [restartedMain] INFO  c.h.s.i.o.impl.OperationExecutorImpl.log - [172.16.14.29]:5701 [dev] [3.9.4] Starting 4 partition threads and 3 generic threads (1 dedicated for priority tasks)
27-07-2018 11:09:53.371 [restartedMain] INFO  c.h.internal.diagnostics.Diagnostics.log - [172.16.14.29]:5701 [dev] [3.9.4] Diagnostics disabled. To enable add -Dhazelcast.diagnostics.enabled=true to the JVM arguments.
27-07-2018 11:09:53.371 [restartedMain] INFO  com.hazelcast.core.LifecycleService.log - [172.16.14.29]:5701 [dev] [3.9.4] [172.16.14.29]:5701 is STARTING
27-07-2018 11:09:56.379 [restartedMain] INFO  com.hazelcast.system.log - [172.16.14.29]:5701 [dev] [3.9.4] Cluster version set to 3.9
27-07-2018 11:09:56.381 [restartedMain] INFO  c.h.internal.cluster.ClusterService.log - [172.16.14.29]:5701 [dev] [3.9.4] 

Members {size:1, ver:1} [
	Member [172.16.14.29]:5701 - a0fef7ce-4d32-4e4a-aefc-4f28612a81bd this
]

27-07-2018 11:09:56.396 [restartedMain] INFO  com.hazelcast.core.LifecycleService.log - [172.16.14.29]:5701 [dev] [3.9.4] [172.16.14.29]:5701 is STARTED
27-07-2018 11:09:56.568 [restartedMain] INFO  o.s.o.j.LocalContainerEntityManagerFactoryBean.createNativeEntityManagerFactory - Building JPA container EntityManagerFactory for persistence unit 'default'
27-07-2018 11:09:56.584 [restartedMain] INFO  o.h.jpa.internal.util.LogHelper.logPersistenceUnitInformation - HHH000204: Processing PersistenceUnitInfo [
	name: default
	...]
27-07-2018 11:09:56.678 [restartedMain] INFO  org.hibernate.Version.logVersion - HHH000412: Hibernate Core {5.2.17.Final}
27-07-2018 11:09:56.678 [restartedMain] INFO  org.hibernate.cfg.Environment.<clinit> - HHH000206: hibernate.properties not found
27-07-2018 11:09:56.709 [restartedMain] INFO  o.h.annotations.common.Version.<clinit> - HCANN000001: Hibernate Commons Annotations {5.0.1.Final}
27-07-2018 11:09:56.967 [restartedMain] INFO  org.hibernate.dialect.Dialect.<init> - HHH000400: Using dialect: org.hibernate.dialect.MySQL5InnoDBDialect
27-07-2018 11:09:57.647 [restartedMain] INFO  o.h.t.s.internal.SchemaCreatorImpl.applyImportSources - HHH000476: Executing import script 'org.hibernate.tool.schema.internal.exec.ScriptSourceInputNonExistentImpl@741b84e5'
27-07-2018 11:09:57.647 [restartedMain] INFO  o.s.o.j.LocalContainerEntityManagerFactoryBean.buildNativeEntityManagerFactory - Initialized JPA EntityManagerFactory for persistence unit 'default'
27-07-2018 11:09:58.417 [restartedMain] INFO  o.s.w.s.h.SimpleUrlHandlerMapping.registerHandler - Mapped URL path [/**/favicon.ico] onto handler of type [class org.springframework.web.servlet.resource.ResourceHttpRequestHandler]
27-07-2018 11:09:58.573 [restartedMain] INFO  o.s.w.s.m.m.a.RequestMappingHandlerAdapter.initControllerAdviceCache - Looking for @ControllerAdvice: org.springframework.boot.web.servlet.context.AnnotationConfigServletWebServerApplicationContext@32a60e39: startup date [Fri Jul 27 11:09:47 IST 2018]; root of context hierarchy
27-07-2018 11:09:58.620 [restartedMain] WARN  o.s.b.a.o.j.JpaBaseConfiguration$JpaWebConfiguration$JpaWebMvcConfiguration.openEntityManagerInViewInterceptor - spring.jpa.open-in-view is enabled by default. Therefore, database queries may be performed during view rendering. Explicitly configure spring.jpa.open-in-view to disable this warning
27-07-2018 11:09:58.651 [restartedMain] INFO  o.s.w.s.m.m.a.RequestMappingHandlerMapping.register - Mapped "{[/Trade/{security}],methods=[GET],produces=[application/json]}" onto public java.util.List<com.iris.kafkaconsumer.model.Trade> com.iris.kafkaconsumer.controller.TradeController.getTradeListBySecurity(java.lang.String)
27-07-2018 11:09:58.651 [restartedMain] INFO  o.s.w.s.m.m.a.RequestMappingHandlerMapping.register - Mapped "{[/Trade/{security}/{tradeDate}/{tradeTime}],methods=[GET],produces=[application/json]}" onto public java.lang.String com.iris.kafkaconsumer.controller.TradeController.findTrade(java.lang.String,java.lang.String,java.lang.String) throws java.text.ParseException
27-07-2018 11:09:58.651 [restartedMain] INFO  o.s.w.s.m.m.a.RequestMappingHandlerMapping.register - Mapped "{[/Trade/getSecurityList],methods=[GET],produces=[application/json]}" onto public java.util.List<java.lang.String> com.iris.kafkaconsumer.controller.TradeController.getSeurityList()
27-07-2018 11:09:58.667 [restartedMain] INFO  o.s.w.s.m.m.a.RequestMappingHandlerMapping.register - Mapped "{[/error]}" onto public org.springframework.http.ResponseEntity<java.util.Map<java.lang.String, java.lang.Object>> org.springframework.boot.autoconfigure.web.servlet.error.BasicErrorController.error(javax.servlet.http.HttpServletRequest)
27-07-2018 11:09:58.667 [restartedMain] INFO  o.s.w.s.m.m.a.RequestMappingHandlerMapping.register - Mapped "{[/error],produces=[text/html]}" onto public org.springframework.web.servlet.ModelAndView org.springframework.boot.autoconfigure.web.servlet.error.BasicErrorController.errorHtml(javax.servlet.http.HttpServletRequest,javax.servlet.http.HttpServletResponse)
27-07-2018 11:09:58.683 [restartedMain] INFO  o.s.w.s.h.SimpleUrlHandlerMapping.registerHandler - Mapped URL path [/webjars/**] onto handler of type [class org.springframework.web.servlet.resource.ResourceHttpRequestHandler]
27-07-2018 11:09:58.683 [restartedMain] INFO  o.s.w.s.h.SimpleUrlHandlerMapping.registerHandler - Mapped URL path [/**] onto handler of type [class org.springframework.web.servlet.resource.ResourceHttpRequestHandler]
27-07-2018 11:09:58.698 [restartedMain] INFO  o.s.w.s.m.m.a.ExceptionHandlerExceptionResolver.initExceptionHandlerAdviceCache - Detected @ExceptionHandler methods in repositoryRestExceptionHandler
27-07-2018 11:09:59.033 [restartedMain] INFO  o.s.d.r.w.RepositoryRestHandlerAdapter.initControllerAdviceCache - Looking for @ControllerAdvice: org.springframework.boot.web.servlet.context.AnnotationConfigServletWebServerApplicationContext@32a60e39: startup date [Fri Jul 27 11:09:47 IST 2018]; root of context hierarchy
27-07-2018 11:09:59.048 [restartedMain] INFO  o.s.d.r.w.RepositoryRestHandlerMapping.register - Mapped "{[/{repository}/search],methods=[OPTIONS],produces=[application/hal+json || application/json]}" onto public org.springframework.http.HttpEntity<?> org.springframework.data.rest.webmvc.RepositorySearchController.optionsForSearches(org.springframework.data.rest.webmvc.RootResourceInformation)
27-07-2018 11:09:59.048 [restartedMain] INFO  o.s.d.r.w.RepositoryRestHandlerMapping.register - Mapped "{[/{repository}/search/{search}],methods=[GET],produces=[application/x-spring-data-compact+json]}" onto public org.springframework.hateoas.ResourceSupport org.springframework.data.rest.webmvc.RepositorySearchController.executeSearchCompact(org.springframework.data.rest.webmvc.RootResourceInformation,org.springframework.http.HttpHeaders,org.springframework.util.MultiValueMap<java.lang.String, java.lang.Object>,java.lang.String,java.lang.String,org.springframework.data.rest.webmvc.support.DefaultedPageable,org.springframework.data.domain.Sort,org.springframework.data.rest.webmvc.PersistentEntityResourceAssembler)
27-07-2018 11:09:59.048 [restartedMain] INFO  o.s.d.r.w.RepositoryRestHandlerMapping.register - Mapped "{[/{repository}/search],methods=[HEAD],produces=[application/hal+json || application/json]}" onto public org.springframework.http.HttpEntity<?> org.springframework.data.rest.webmvc.RepositorySearchController.headForSearches(org.springframework.data.rest.webmvc.RootResourceInformation)
27-07-2018 11:09:59.048 [restartedMain] INFO  o.s.d.r.w.RepositoryRestHandlerMapping.register - Mapped "{[/{repository}/search],methods=[GET],produces=[application/hal+json || application/json]}" onto public org.springframework.data.rest.webmvc.RepositorySearchesResource org.springframework.data.rest.webmvc.RepositorySearchController.listSearches(org.springframework.data.rest.webmvc.RootResourceInformation)
27-07-2018 11:09:59.048 [restartedMain] INFO  o.s.d.r.w.RepositoryRestHandlerMapping.register - Mapped "{[/{repository}/search/{search}],methods=[OPTIONS],produces=[application/hal+json || application/json]}" onto public org.springframework.http.ResponseEntity<java.lang.Object> org.springframework.data.rest.webmvc.RepositorySearchController.optionsForSearch(org.springframework.data.rest.webmvc.RootResourceInformation,java.lang.String)
27-07-2018 11:09:59.048 [restartedMain] INFO  o.s.d.r.w.RepositoryRestHandlerMapping.register - Mapped "{[/{repository}/search/{search}],methods=[HEAD],produces=[application/hal+json || application/json]}" onto public org.springframework.http.ResponseEntity<java.lang.Object> org.springframework.data.rest.webmvc.RepositorySearchController.headForSearch(org.springframework.data.rest.webmvc.RootResourceInformation,java.lang.String)
27-07-2018 11:09:59.048 [restartedMain] INFO  o.s.d.r.w.RepositoryRestHandlerMapping.register - Mapped "{[/{repository}/search/{search}],methods=[GET],produces=[application/hal+json || application/json]}" onto public org.springframework.http.ResponseEntity<?> org.springframework.data.rest.webmvc.RepositorySearchController.executeSearch(org.springframework.data.rest.webmvc.RootResourceInformation,org.springframework.util.MultiValueMap<java.lang.String, java.lang.Object>,java.lang.String,org.springframework.data.rest.webmvc.support.DefaultedPageable,org.springframework.data.domain.Sort,org.springframework.data.rest.webmvc.PersistentEntityResourceAssembler,org.springframework.http.HttpHeaders)
27-07-2018 11:09:59.064 [restartedMain] INFO  o.s.d.r.w.RepositoryRestHandlerMapping.register - Mapped "{[/{repository}/{id}/{property}],methods=[GET],produces=[application/x-spring-data-compact+json || text/uri-list]}" onto public org.springframework.http.ResponseEntity<org.springframework.hateoas.ResourceSupport> org.springframework.data.rest.webmvc.RepositoryPropertyReferenceController.followPropertyReferenceCompact(org.springframework.data.rest.webmvc.RootResourceInformation,java.io.Serializable,java.lang.String,org.springframework.data.rest.webmvc.PersistentEntityResourceAssembler) throws java.lang.Exception
27-07-2018 11:09:59.064 [restartedMain] INFO  o.s.d.r.w.RepositoryRestHandlerMapping.register - Mapped "{[/{repository}/{id}/{property}],methods=[PATCH || PUT || POST],consumes=[application/json || application/x-spring-data-compact+json || text/uri-list],produces=[application/hal+json || application/json]}" onto public org.springframework.http.ResponseEntity<? extends org.springframework.hateoas.ResourceSupport> org.springframework.data.rest.webmvc.RepositoryPropertyReferenceController.createPropertyReference(org.springframework.data.rest.webmvc.RootResourceInformation,org.springframework.http.HttpMethod,org.springframework.hateoas.Resources<java.lang.Object>,java.io.Serializable,java.lang.String) throws java.lang.Exception
27-07-2018 11:09:59.064 [restartedMain] INFO  o.s.d.r.w.RepositoryRestHandlerMapping.register - Mapped "{[/{repository}/{id}/{property}/{propertyId}],methods=[DELETE],produces=[application/hal+json || application/json]}" onto public org.springframework.http.ResponseEntity<org.springframework.hateoas.ResourceSupport> org.springframework.data.rest.webmvc.RepositoryPropertyReferenceController.deletePropertyReferenceId(org.springframework.data.rest.webmvc.RootResourceInformation,java.io.Serializable,java.lang.String,java.lang.String) throws java.lang.Exception
27-07-2018 11:09:59.064 [restartedMain] INFO  o.s.d.r.w.RepositoryRestHandlerMapping.register - Mapped "{[/{repository}/{id}/{property}],methods=[GET],produces=[application/hal+json || application/json]}" onto public org.springframework.http.ResponseEntity<org.springframework.hateoas.ResourceSupport> org.springframework.data.rest.webmvc.RepositoryPropertyReferenceController.followPropertyReference(org.springframework.data.rest.webmvc.RootResourceInformation,java.io.Serializable,java.lang.String,org.springframework.data.rest.webmvc.PersistentEntityResourceAssembler) throws java.lang.Exception
27-07-2018 11:09:59.064 [restartedMain] INFO  o.s.d.r.w.RepositoryRestHandlerMapping.register - Mapped "{[/{repository}/{id}/{property}/{propertyId}],methods=[GET],produces=[application/hal+json || application/json]}" onto public org.springframework.http.ResponseEntity<org.springframework.hateoas.ResourceSupport> org.springframework.data.rest.webmvc.RepositoryPropertyReferenceController.followPropertyReference(org.springframework.data.rest.webmvc.RootResourceInformation,java.io.Serializable,java.lang.String,java.lang.String,org.springframework.data.rest.webmvc.PersistentEntityResourceAssembler) throws java.lang.Exception
27-07-2018 11:09:59.064 [restartedMain] INFO  o.s.d.r.w.RepositoryRestHandlerMapping.register - Mapped "{[/{repository}/{id}/{property}],methods=[DELETE],produces=[application/hal+json || application/json]}" onto public org.springframework.http.ResponseEntity<? extends org.springframework.hateoas.ResourceSupport> org.springframework.data.rest.webmvc.RepositoryPropertyReferenceController.deletePropertyReference(org.springframework.data.rest.webmvc.RootResourceInformation,java.io.Serializable,java.lang.String) throws java.lang.Exception
27-07-2018 11:09:59.064 [restartedMain] INFO  o.s.d.r.w.RepositoryRestHandlerMapping.register - Mapped "{[/{repository}/{id}],methods=[OPTIONS],produces=[application/hal+json || application/json]}" onto public org.springframework.http.ResponseEntity<?> org.springframework.data.rest.webmvc.RepositoryEntityController.optionsForItemResource(org.springframework.data.rest.webmvc.RootResourceInformation)
27-07-2018 11:09:59.064 [restartedMain] INFO  o.s.d.r.w.RepositoryRestHandlerMapping.register - Mapped "{[/{repository}],methods=[POST],produces=[application/hal+json || application/json]}" onto public org.springframework.http.ResponseEntity<org.springframework.hateoas.ResourceSupport> org.springframework.data.rest.webmvc.RepositoryEntityController.postCollectionResource(org.springframework.data.rest.webmvc.RootResourceInformation,org.springframework.data.rest.webmvc.PersistentEntityResource,org.springframework.data.rest.webmvc.PersistentEntityResourceAssembler,java.lang.String) throws org.springframework.web.HttpRequestMethodNotSupportedException
27-07-2018 11:09:59.064 [restartedMain] INFO  o.s.d.r.w.RepositoryRestHandlerMapping.register - Mapped "{[/{repository}],methods=[GET],produces=[application/x-spring-data-compact+json || text/uri-list]}" onto public org.springframework.hateoas.Resources<?> org.springframework.data.rest.webmvc.RepositoryEntityController.getCollectionResourceCompact(org.springframework.data.rest.webmvc.RootResourceInformation,org.springframework.data.rest.webmvc.support.DefaultedPageable,org.springframework.data.domain.Sort,org.springframework.data.rest.webmvc.PersistentEntityResourceAssembler) throws org.springframework.data.rest.webmvc.ResourceNotFoundException,org.springframework.web.HttpRequestMethodNotSupportedException
27-07-2018 11:09:59.064 [restartedMain] INFO  o.s.d.r.w.RepositoryRestHandlerMapping.register - Mapped "{[/{repository}],methods=[OPTIONS],produces=[application/hal+json || application/json]}" onto public org.springframework.http.ResponseEntity<?> org.springframework.data.rest.webmvc.RepositoryEntityController.optionsForCollectionResource(org.springframework.data.rest.webmvc.RootResourceInformation)
27-07-2018 11:09:59.064 [restartedMain] INFO  o.s.d.r.w.RepositoryRestHandlerMapping.register - Mapped "{[/{repository}],methods=[HEAD],produces=[application/hal+json || application/json]}" onto public org.springframework.http.ResponseEntity<?> org.springframework.data.rest.webmvc.RepositoryEntityController.headCollectionResource(org.springframework.data.rest.webmvc.RootResourceInformation,org.springframework.data.rest.webmvc.support.DefaultedPageable) throws org.springframework.web.HttpRequestMethodNotSupportedException
27-07-2018 11:09:59.064 [restartedMain] INFO  o.s.d.r.w.RepositoryRestHandlerMapping.register - Mapped "{[/{repository}],methods=[GET],produces=[application/hal+json || application/json]}" onto public org.springframework.hateoas.Resources<?> org.springframework.data.rest.webmvc.RepositoryEntityController.getCollectionResource(org.springframework.data.rest.webmvc.RootResourceInformation,org.springframework.data.rest.webmvc.support.DefaultedPageable,org.springframework.data.domain.Sort,org.springframework.data.rest.webmvc.PersistentEntityResourceAssembler) throws org.springframework.data.rest.webmvc.ResourceNotFoundException,org.springframework.web.HttpRequestMethodNotSupportedException
27-07-2018 11:09:59.064 [restartedMain] INFO  o.s.d.r.w.RepositoryRestHandlerMapping.register - Mapped "{[/{repository}/{id}],methods=[PATCH],produces=[application/hal+json || application/json]}" onto public org.springframework.http.ResponseEntity<org.springframework.hateoas.ResourceSupport> org.springframework.data.rest.webmvc.RepositoryEntityController.patchItemResource(org.springframework.data.rest.webmvc.RootResourceInformation,org.springframework.data.rest.webmvc.PersistentEntityResource,java.io.Serializable,org.springframework.data.rest.webmvc.PersistentEntityResourceAssembler,org.springframework.data.rest.webmvc.support.ETag,java.lang.String) throws org.springframework.web.HttpRequestMethodNotSupportedException,org.springframework.data.rest.webmvc.ResourceNotFoundException
27-07-2018 11:09:59.064 [restartedMain] INFO  o.s.d.r.w.RepositoryRestHandlerMapping.register - Mapped "{[/{repository}/{id}],methods=[DELETE],produces=[application/hal+json || application/json]}" onto public org.springframework.http.ResponseEntity<?> org.springframework.data.rest.webmvc.RepositoryEntityController.deleteItemResource(org.springframework.data.rest.webmvc.RootResourceInformation,java.io.Serializable,org.springframework.data.rest.webmvc.support.ETag) throws org.springframework.data.rest.webmvc.ResourceNotFoundException,org.springframework.web.HttpRequestMethodNotSupportedException
27-07-2018 11:09:59.064 [restartedMain] INFO  o.s.d.r.w.RepositoryRestHandlerMapping.register - Mapped "{[/{repository}/{id}],methods=[HEAD],produces=[application/hal+json || application/json]}" onto public org.springframework.http.ResponseEntity<?> org.springframework.data.rest.webmvc.RepositoryEntityController.headForItemResource(org.springframework.data.rest.webmvc.RootResourceInformation,java.io.Serializable,org.springframework.data.rest.webmvc.PersistentEntityResourceAssembler) throws org.springframework.web.HttpRequestMethodNotSupportedException
27-07-2018 11:09:59.080 [restartedMain] INFO  o.s.d.r.w.RepositoryRestHandlerMapping.register - Mapped "{[/{repository}/{id}],methods=[GET],produces=[application/hal+json || application/json]}" onto public org.springframework.http.ResponseEntity<org.springframework.hateoas.Resource<?>> org.springframework.data.rest.webmvc.RepositoryEntityController.getItemResource(org.springframework.data.rest.webmvc.RootResourceInformation,java.io.Serializable,org.springframework.data.rest.webmvc.PersistentEntityResourceAssembler,org.springframework.http.HttpHeaders) throws org.springframework.web.HttpRequestMethodNotSupportedException
27-07-2018 11:09:59.080 [restartedMain] INFO  o.s.d.r.w.RepositoryRestHandlerMapping.register - Mapped "{[/{repository}/{id}],methods=[PUT],produces=[application/hal+json || application/json]}" onto public org.springframework.http.ResponseEntity<? extends org.springframework.hateoas.ResourceSupport> org.springframework.data.rest.webmvc.RepositoryEntityController.putItemResource(org.springframework.data.rest.webmvc.RootResourceInformation,org.springframework.data.rest.webmvc.PersistentEntityResource,java.io.Serializable,org.springframework.data.rest.webmvc.PersistentEntityResourceAssembler,org.springframework.data.rest.webmvc.support.ETag,java.lang.String) throws org.springframework.web.HttpRequestMethodNotSupportedException
27-07-2018 11:09:59.080 [restartedMain] INFO  o.s.d.r.w.RepositoryRestHandlerMapping.register - Mapped "{[/ || ],methods=[HEAD],produces=[application/hal+json || application/json]}" onto public org.springframework.http.ResponseEntity<?> org.springframework.data.rest.webmvc.RepositoryController.headForRepositories()
27-07-2018 11:09:59.376 [restartedMain] INFO  o.s.d.r.w.RepositoryRestHandlerMapping.register - Mapped "{[/ || ],methods=[OPTIONS],produces=[application/hal+json || application/json]}" onto public org.springframework.http.HttpEntity<?> org.springframework.data.rest.webmvc.RepositoryController.optionsForRepositories()
27-07-2018 11:09:59.376 [restartedMain] INFO  o.s.d.r.w.RepositoryRestHandlerMapping.register - Mapped "{[/ || ],methods=[GET],produces=[application/hal+json || application/json]}" onto public org.springframework.http.HttpEntity<org.springframework.data.rest.webmvc.RepositoryLinksResource> org.springframework.data.rest.webmvc.RepositoryController.listRepositories()
27-07-2018 11:09:59.439 [restartedMain] INFO  o.s.d.r.w.BasePathAwareHandlerMapping.register - Mapped "{[/profile/{repository}],methods=[GET],produces=[application/schema+json]}" onto public org.springframework.http.HttpEntity<org.springframework.data.rest.webmvc.json.JsonSchema> org.springframework.data.rest.webmvc.RepositorySchemaController.schema(org.springframework.data.rest.webmvc.RootResourceInformation)
27-07-2018 11:09:59.452 [restartedMain] INFO  o.s.d.r.w.BasePathAwareHandlerMapping.register - Mapped "{[/profile],methods=[GET]}" onto org.springframework.http.HttpEntity<org.springframework.hateoas.ResourceSupport> org.springframework.data.rest.webmvc.ProfileController.listAllFormsOfMetadata()
27-07-2018 11:09:59.452 [restartedMain] INFO  o.s.d.r.w.BasePathAwareHandlerMapping.register - Mapped "{[/profile],methods=[OPTIONS]}" onto public org.springframework.http.HttpEntity<?> org.springframework.data.rest.webmvc.ProfileController.profileOptions()
27-07-2018 11:09:59.452 [restartedMain] INFO  o.s.d.r.w.BasePathAwareHandlerMapping.register - Mapped "{[/profile/{repository}],methods=[GET],produces=[application/alps+json || */*]}" onto org.springframework.http.HttpEntity<org.springframework.data.rest.webmvc.RootResourceInformation> org.springframework.data.rest.webmvc.alps.AlpsController.descriptor(org.springframework.data.rest.webmvc.RootResourceInformation)
27-07-2018 11:09:59.452 [restartedMain] INFO  o.s.d.r.w.BasePathAwareHandlerMapping.register - Mapped "{[/profile/{repository}],methods=[OPTIONS],produces=[application/alps+json]}" onto org.springframework.http.HttpEntity<?> org.springframework.data.rest.webmvc.alps.AlpsController.alpsOptions()
27-07-2018 11:09:59.702 [restartedMain] INFO  o.s.b.d.a.OptionalLiveReloadServer.startServer - LiveReload server is running on port 35729
27-07-2018 11:09:59.718 [restartedMain] INFO  o.s.b.a.e.web.EndpointLinksResolver.<init> - Exposing 2 endpoint(s) beneath base path '/actuator'
27-07-2018 11:09:59.733 [restartedMain] INFO  o.s.b.a.e.w.s.WebMvcEndpointHandlerMapping.register - Mapped "{[/actuator/health],methods=[GET],produces=[application/vnd.spring-boot.actuator.v2+json || application/json]}" onto public java.lang.Object org.springframework.boot.actuate.endpoint.web.servlet.AbstractWebMvcEndpointHandlerMapping$OperationHandler.handle(javax.servlet.http.HttpServletRequest,java.util.Map<java.lang.String, java.lang.String>)
27-07-2018 11:09:59.733 [restartedMain] INFO  o.s.b.a.e.w.s.WebMvcEndpointHandlerMapping.register - Mapped "{[/actuator/info],methods=[GET],produces=[application/vnd.spring-boot.actuator.v2+json || application/json]}" onto public java.lang.Object org.springframework.boot.actuate.endpoint.web.servlet.AbstractWebMvcEndpointHandlerMapping$OperationHandler.handle(javax.servlet.http.HttpServletRequest,java.util.Map<java.lang.String, java.lang.String>)
27-07-2018 11:09:59.733 [restartedMain] INFO  o.s.b.a.e.w.s.WebMvcEndpointHandlerMapping.register - Mapped "{[/actuator],methods=[GET],produces=[application/vnd.spring-boot.actuator.v2+json || application/json]}" onto protected java.util.Map<java.lang.String, java.util.Map<java.lang.String, org.springframework.boot.actuate.endpoint.web.Link>> org.springframework.boot.actuate.endpoint.web.servlet.WebMvcEndpointHandlerMapping.links(javax.servlet.http.HttpServletRequest,javax.servlet.http.HttpServletResponse)
27-07-2018 11:09:59.827 [restartedMain] INFO  o.s.j.e.a.AnnotationMBeanExporter.afterSingletonsInstantiated - Registering beans for JMX exposure on startup
27-07-2018 11:09:59.827 [restartedMain] INFO  o.s.j.e.a.AnnotationMBeanExporter.autodetect - Bean with name 'dataSource' has been autodetected for JMX exposure
27-07-2018 11:09:59.827 [restartedMain] INFO  o.s.j.e.a.AnnotationMBeanExporter.registerBeanInstance - Located MBean 'dataSource': registering with JMX server as MBean [com.zaxxer.hikari:name=dataSource,type=HikariDataSource]
27-07-2018 11:09:59.847 [restartedMain] INFO  o.s.c.s.DefaultLifecycleProcessor.start - Starting beans in phase 2147483547
27-07-2018 11:09:59.875 [restartedMain] INFO  o.a.k.c.consumer.ConsumerConfig.logAll - ConsumerConfig values: 
	auto.commit.interval.ms = 5000
	auto.offset.reset = latest
	bootstrap.servers = [127.0.0.1:9092]
	check.crcs = true
	client.id = 
	connections.max.idle.ms = 540000
	enable.auto.commit = true
	exclude.internal.topics = true
	fetch.max.bytes = 52428800
	fetch.max.wait.ms = 500
	fetch.min.bytes = 1
	group.id = trade_json
	heartbeat.interval.ms = 3000
	interceptor.classes = null
	internal.leave.group.on.close = true
	isolation.level = read_uncommitted
	key.deserializer = class org.apache.kafka.common.serialization.StringDeserializer
	max.partition.fetch.bytes = 1048576
	max.poll.interval.ms = 300000
	max.poll.records = 500
	metadata.max.age.ms = 300000
	metric.reporters = []
	metrics.num.samples = 2
	metrics.recording.level = INFO
	metrics.sample.window.ms = 30000
	partition.assignment.strategy = [class org.apache.kafka.clients.consumer.RangeAssignor]
	receive.buffer.bytes = 65536
	reconnect.backoff.max.ms = 1000
	reconnect.backoff.ms = 50
	request.timeout.ms = 305000
	retry.backoff.ms = 100
	sasl.jaas.config = null
	sasl.kerberos.kinit.cmd = /usr/bin/kinit
	sasl.kerberos.min.time.before.relogin = 60000
	sasl.kerberos.service.name = null
	sasl.kerberos.ticket.renew.jitter = 0.05
	sasl.kerberos.ticket.renew.window.factor = 0.8
	sasl.mechanism = GSSAPI
	security.protocol = PLAINTEXT
	send.buffer.bytes = 131072
	session.timeout.ms = 10000
	ssl.cipher.suites = null
	ssl.enabled.protocols = [TLSv1.2, TLSv1.1, TLSv1]
	ssl.endpoint.identification.algorithm = null
	ssl.key.password = null
	ssl.keymanager.algorithm = SunX509
	ssl.keystore.location = null
	ssl.keystore.password = null
	ssl.keystore.type = JKS
	ssl.protocol = TLS
	ssl.provider = null
	ssl.secure.random.implementation = null
	ssl.trustmanager.algorithm = PKIX
	ssl.truststore.location = null
	ssl.truststore.password = null
	ssl.truststore.type = JKS
	value.deserializer = class org.springframework.kafka.support.serializer.JsonDeserializer

27-07-2018 11:09:59.937 [restartedMain] INFO  o.a.kafka.common.utils.AppInfoParser.<init> - Kafka version : 1.0.1
27-07-2018 11:09:59.937 [restartedMain] INFO  o.a.kafka.common.utils.AppInfoParser.<init> - Kafka commitId : c0518aa65f25317e
27-07-2018 11:09:59.937 [restartedMain] INFO  o.s.s.c.ThreadPoolTaskScheduler.initialize - Initializing ExecutorService 
27-07-2018 11:09:59.968 [restartedMain] INFO  o.s.b.w.e.tomcat.TomcatWebServer.start - Tomcat started on port(s): 8081 (http) with context path ''
27-07-2018 11:09:59.968 [restartedMain] INFO  c.i.k.KafkaConsumerApplication.logStarted - Started KafkaConsumerApplication in 12.733 seconds (JVM running for 13.499)
27-07-2018 11:10:00.062 [org.springframework.kafka.KafkaListenerEndpointContainer#0-0-C-1] INFO  o.a.k.c.c.i.AbstractCoordinator.info - [Consumer clientId=consumer-1, groupId=trade_json] Discovered group coordinator IRIS-CSG-1206.irissoftware.com:9092 (id: 2147483647 rack: null)
27-07-2018 11:10:00.062 [org.springframework.kafka.KafkaListenerEndpointContainer#0-0-C-1] INFO  o.a.k.c.c.i.ConsumerCoordinator.info - [Consumer clientId=consumer-1, groupId=trade_json] Revoking previously assigned partitions []
27-07-2018 11:10:00.062 [org.springframework.kafka.KafkaListenerEndpointContainer#0-0-C-1] INFO  o.s.k.l.KafkaMessageListenerContainer.onPartitionsRevoked - partitions revoked: []
27-07-2018 11:10:00.062 [org.springframework.kafka.KafkaListenerEndpointContainer#0-0-C-1] INFO  o.a.k.c.c.i.AbstractCoordinator.info - [Consumer clientId=consumer-1, groupId=trade_json] (Re-)joining group
27-07-2018 11:10:00.078 [org.springframework.kafka.KafkaListenerEndpointContainer#0-0-C-1] INFO  o.a.k.c.c.i.AbstractCoordinator.info - [Consumer clientId=consumer-1, groupId=trade_json] Successfully joined group with generation 3
27-07-2018 11:10:00.078 [org.springframework.kafka.KafkaListenerEndpointContainer#0-0-C-1] INFO  o.a.k.c.c.i.ConsumerCoordinator.info - [Consumer clientId=consumer-1, groupId=trade_json] Setting newly assigned partitions [trade_feed-0]
27-07-2018 11:10:00.078 [org.springframework.kafka.KafkaListenerEndpointContainer#0-0-C-1] INFO  o.s.k.l.KafkaMessageListenerContainer.onPartitionsAssigned - partitions assigned: [trade_feed-0]
27-07-2018 11:10:00.250 [org.springframework.kafka.KafkaListenerEndpointContainer#0-0-C-1] INFO  c.h.i.p.impl.PartitionStateManager.log - [172.16.14.29]:5701 [dev] [3.9.4] Initializing cluster partition table arrangement...
27-07-2018 11:16:53.756 [http-nio-8081-exec-9] INFO  o.a.c.c.C.[Tomcat].[localhost].[/].log - Initializing Spring FrameworkServlet 'dispatcherServlet'
27-07-2018 11:16:53.756 [http-nio-8081-exec-9] INFO  o.s.web.servlet.DispatcherServlet.initServletBean - FrameworkServlet 'dispatcherServlet': initialization started
27-07-2018 11:16:53.771 [http-nio-8081-exec-9] INFO  o.s.web.servlet.DispatcherServlet.initServletBean - FrameworkServlet 'dispatcherServlet': initialization completed in 15 ms
27-07-2018 11:29:17.781 [Thread-9] INFO  o.s.b.w.s.c.AnnotationConfigServletWebServerApplicationContext.doClose - Closing org.springframework.boot.web.servlet.context.AnnotationConfigServletWebServerApplicationContext@32a60e39: startup date [Fri Jul 27 11:09:47 IST 2018]; root of context hierarchy
27-07-2018 11:29:17.781 [Thread-9] INFO  o.s.c.s.DefaultLifecycleProcessor.stop - Stopping beans in phase 2147483547
27-07-2018 11:29:17.781 [org.springframework.kafka.KafkaListenerEndpointContainer#0-0-C-1] INFO  o.s.s.c.ThreadPoolTaskScheduler.shutdown - Shutting down ExecutorService
27-07-2018 11:29:17.859 [org.springframework.kafka.KafkaListenerEndpointContainer#0-0-C-1] INFO  o.s.k.l.KafkaMessageListenerContainer$ListenerConsumer.run - Consumer stopped
27-07-2018 11:29:17.859 [Thread-9] INFO  o.s.c.s.DefaultLifecycleProcessor.stop - Stopping beans in phase 0
27-07-2018 11:29:17.875 [Thread-9] INFO  o.s.j.e.a.AnnotationMBeanExporter.destroy - Unregistering JMX-exposed beans on shutdown
27-07-2018 11:29:17.875 [Thread-9] INFO  o.s.j.e.a.AnnotationMBeanExporter.unregisterBeans - Unregistering JMX-exposed beans
27-07-2018 11:29:17.875 [Thread-9] INFO  o.s.o.j.LocalContainerEntityManagerFactoryBean.destroy - Closing JPA EntityManagerFactory for persistence unit 'default'
27-07-2018 11:29:17.922 [Thread-9] INFO  com.zaxxer.hikari.HikariDataSource.close - HikariPool-1 - Shutdown initiated...
27-07-2018 11:29:17.922 [Thread-9] INFO  com.zaxxer.hikari.HikariDataSource.close - HikariPool-1 - Shutdown completed.
27-07-2018 12:02:06.134 [restartedMain] INFO  c.i.k.KafkaConsumerApplication.logStarting - Starting KafkaConsumerApplication on IRIS-CSG-1206 with PID 12660 (E:\workspace\kafkaConsumer\target\classes started by rohit.chauhan in E:\workspace\kafkaConsumer)
27-07-2018 12:02:06.138 [restartedMain] INFO  c.i.k.KafkaConsumerApplication.logStartupProfileInfo - No active profile set, falling back to default profiles: default
27-07-2018 12:02:06.299 [restartedMain] INFO  o.s.b.w.s.c.AnnotationConfigServletWebServerApplicationContext.prepareRefresh - Refreshing org.springframework.boot.web.servlet.context.AnnotationConfigServletWebServerApplicationContext@3f8d3a6: startup date [Fri Jul 27 12:02:06 IST 2018]; root of context hierarchy
27-07-2018 12:02:08.278 [restartedMain] INFO  o.s.b.f.s.DefaultListableBeanFactory.registerBeanDefinition - Overriding bean definition for bean 'httpRequestHandlerAdapter' with a different definition: replacing [Root bean: class [null]; scope=; abstract=false; lazyInit=false; autowireMode=3; dependencyCheck=0; autowireCandidate=true; primary=false; factoryBeanName=org.springframework.boot.autoconfigure.web.servlet.WebMvcAutoConfiguration$EnableWebMvcConfiguration; factoryMethodName=httpRequestHandlerAdapter; initMethodName=null; destroyMethodName=(inferred); defined in class path resource [org/springframework/boot/autoconfigure/web/servlet/WebMvcAutoConfiguration$EnableWebMvcConfiguration.class]] with [Root bean: class [null]; scope=; abstract=false; lazyInit=false; autowireMode=3; dependencyCheck=0; autowireCandidate=true; primary=false; factoryBeanName=org.springframework.data.rest.webmvc.config.RepositoryRestMvcConfiguration; factoryMethodName=httpRequestHandlerAdapter; initMethodName=null; destroyMethodName=(inferred); defined in class path resource [org/springframework/data/rest/webmvc/config/RepositoryRestMvcConfiguration.class]]
27-07-2018 12:02:08.855 [restartedMain] INFO  o.s.c.s.PostProcessorRegistrationDelegate$BeanPostProcessorChecker.postProcessAfterInitialization - Bean 'org.springframework.kafka.annotation.KafkaBootstrapConfiguration' of type [org.springframework.kafka.annotation.KafkaBootstrapConfiguration$$EnhancerBySpringCGLIB$$f9f20c0e] is not eligible for getting processed by all BeanPostProcessors (for example: not eligible for auto-proxying)
27-07-2018 12:02:09.070 [restartedMain] INFO  o.s.c.s.PostProcessorRegistrationDelegate$BeanPostProcessorChecker.postProcessAfterInitialization - Bean 'org.springframework.transaction.annotation.ProxyTransactionManagementConfiguration' of type [org.springframework.transaction.annotation.ProxyTransactionManagementConfiguration$$EnhancerBySpringCGLIB$$263ffa8b] is not eligible for getting processed by all BeanPostProcessors (for example: not eligible for auto-proxying)
27-07-2018 12:02:09.800 [restartedMain] INFO  o.s.b.w.e.tomcat.TomcatWebServer.initialize - Tomcat initialized with port(s): 8081 (http)
27-07-2018 12:02:09.825 [restartedMain] INFO  o.a.catalina.core.StandardService.log - Starting service [Tomcat]
27-07-2018 12:02:09.826 [restartedMain] INFO  o.a.catalina.core.StandardEngine.log - Starting Servlet Engine: Apache Tomcat/8.5.31
27-07-2018 12:02:09.845 [localhost-startStop-1] INFO  o.a.c.core.AprLifecycleListener.log - The APR based Apache Tomcat Native library which allows optimal performance in production environments was not found on the java.library.path: [C:\Program Files\Java\jre1.8.0_172\bin;C:\WINDOWS\Sun\Java\bin;C:\WINDOWS\system32;C:\WINDOWS;C:/Program Files/Java/jre1.8.0_172/bin/server;C:/Program Files/Java/jre1.8.0_172/bin;C:/Program Files/Java/jre1.8.0_172/lib/amd64;C:\Program Files (x86)\Intel\iCLS Client\;C:\Program Files\Intel\iCLS Client\;C:\Program Files (x86)\Common Files\Oracle\Java\javapath;C:\WINDOWS\system32;C:\WINDOWS;C:\WINDOWS\System32\Wbem;C:\WINDOWS\System32\WindowsPowerShell\v1.0\;C:\Program Files (x86)\Intel\Intel(R) Management Engine Components\DAL;C:\Program Files\Intel\Intel(R) Management Engine Components\DAL;C:\Program Files (x86)\Intel\Intel(R) Management Engine Components\IPT;C:\Program Files\Intel\Intel(R) Management Engine Components\IPT;E:\apache-maven-3.3.9-bin\bin;C:\apache-ignite-fabric-2.5.0-bin\bin;C:\Program Files\TortoiseGit\bin;C:\Users\rohit.chauhan\bin\Sencha\Cmd\6.5.3.6;C:\Users\rohit.chauhan\AppData\Local\Microsoft\WindowsApps;E:\zookeeper-3.4.12\bin;C:\Program Files\Java\jdk1.8.0_152\bin;C:\Users\rohit.chauhan\AppData\Local\Programs\Git\cmd;;E:\eclipse-java-oxygen-1a-win32-x86_64 - Copy\eclipse;;.]
27-07-2018 12:02:10.021 [localhost-startStop-1] INFO  o.a.c.c.C.[Tomcat].[localhost].[/].log - Initializing Spring embedded WebApplicationContext
27-07-2018 12:02:10.022 [localhost-startStop-1] INFO  o.s.web.context.ContextLoader.prepareWebApplicationContext - Root WebApplicationContext: initialization completed in 3723 ms
27-07-2018 12:02:10.574 [localhost-startStop-1] INFO  com.zaxxer.hikari.HikariDataSource.getConnection - HikariPool-1 - Starting...
27-07-2018 12:02:10.829 [localhost-startStop-1] INFO  com.zaxxer.hikari.HikariDataSource.getConnection - HikariPool-1 - Start completed.
27-07-2018 12:02:11.240 [localhost-startStop-1] INFO  o.s.b.w.s.ServletRegistrationBean.addRegistration - Servlet dispatcherServlet mapped to [/]
27-07-2018 12:02:11.244 [localhost-startStop-1] INFO  o.s.b.w.s.FilterRegistrationBean.configure - Mapping filter: 'characterEncodingFilter' to: [/*]
27-07-2018 12:02:11.245 [localhost-startStop-1] INFO  o.s.b.w.s.FilterRegistrationBean.configure - Mapping filter: 'hiddenHttpMethodFilter' to: [/*]
27-07-2018 12:02:11.246 [localhost-startStop-1] INFO  o.s.b.w.s.FilterRegistrationBean.configure - Mapping filter: 'httpPutFormContentFilter' to: [/*]
27-07-2018 12:02:11.246 [localhost-startStop-1] INFO  o.s.b.w.s.FilterRegistrationBean.configure - Mapping filter: 'requestContextFilter' to: [/*]
27-07-2018 12:02:11.247 [localhost-startStop-1] INFO  o.s.b.w.s.FilterRegistrationBean.configure - Mapping filter: 'httpTraceFilter' to: [/*]
27-07-2018 12:02:11.248 [localhost-startStop-1] INFO  o.s.b.w.s.FilterRegistrationBean.configure - Mapping filter: 'webMvcMetricsFilter' to: [/*]
27-07-2018 12:02:11.374 [restartedMain] INFO  com.hazelcast.instance.AddressPicker.log - [LOCAL] [dev] [3.9.4] Prefer IPv4 stack is true.
27-07-2018 12:02:11.425 [restartedMain] INFO  com.hazelcast.instance.AddressPicker.log - [LOCAL] [dev] [3.9.4] Picked [172.16.14.29]:5701, using socket ServerSocket[addr=/0:0:0:0:0:0:0:0,localport=5701], bind any local is true
27-07-2018 12:02:11.450 [restartedMain] INFO  com.hazelcast.system.log - [172.16.14.29]:5701 [dev] [3.9.4] Hazelcast 3.9.4 (20180420 - b8001d5) starting at [172.16.14.29]:5701
27-07-2018 12:02:11.452 [restartedMain] INFO  com.hazelcast.system.log - [172.16.14.29]:5701 [dev] [3.9.4] Copyright (c) 2008-2018, Hazelcast, Inc. All Rights Reserved.
27-07-2018 12:02:11.452 [restartedMain] INFO  com.hazelcast.system.log - [172.16.14.29]:5701 [dev] [3.9.4] Configured Hazelcast Serialization version: 1
27-07-2018 12:02:11.732 [restartedMain] INFO  c.h.s.i.o.impl.BackpressureRegulator.log - [172.16.14.29]:5701 [dev] [3.9.4] Backpressure is disabled
27-07-2018 12:02:12.340 [restartedMain] INFO  com.hazelcast.instance.Node.log - [172.16.14.29]:5701 [dev] [3.9.4] Creating MulticastJoiner
27-07-2018 12:02:12.462 [restartedMain] INFO  c.h.s.i.o.impl.OperationExecutorImpl.log - [172.16.14.29]:5701 [dev] [3.9.4] Starting 4 partition threads and 3 generic threads (1 dedicated for priority tasks)
27-07-2018 12:02:12.463 [restartedMain] INFO  c.h.internal.diagnostics.Diagnostics.log - [172.16.14.29]:5701 [dev] [3.9.4] Diagnostics disabled. To enable add -Dhazelcast.diagnostics.enabled=true to the JVM arguments.
27-07-2018 12:02:12.468 [restartedMain] INFO  com.hazelcast.core.LifecycleService.log - [172.16.14.29]:5701 [dev] [3.9.4] [172.16.14.29]:5701 is STARTING
27-07-2018 12:02:15.884 [restartedMain] INFO  com.hazelcast.system.log - [172.16.14.29]:5701 [dev] [3.9.4] Cluster version set to 3.9
27-07-2018 12:02:15.887 [restartedMain] INFO  c.h.internal.cluster.ClusterService.log - [172.16.14.29]:5701 [dev] [3.9.4] 

Members {size:1, ver:1} [
	Member [172.16.14.29]:5701 - e9fb4727-c5ac-4c6c-af5a-ee35b6cd066f this
]

27-07-2018 12:02:15.930 [restartedMain] INFO  com.hazelcast.core.LifecycleService.log - [172.16.14.29]:5701 [dev] [3.9.4] [172.16.14.29]:5701 is STARTED
27-07-2018 12:02:16.146 [restartedMain] INFO  o.s.o.j.LocalContainerEntityManagerFactoryBean.createNativeEntityManagerFactory - Building JPA container EntityManagerFactory for persistence unit 'default'
27-07-2018 12:02:16.184 [restartedMain] INFO  o.h.jpa.internal.util.LogHelper.logPersistenceUnitInformation - HHH000204: Processing PersistenceUnitInfo [
	name: default
	...]
27-07-2018 12:02:16.260 [restartedMain] INFO  org.hibernate.Version.logVersion - HHH000412: Hibernate Core {5.2.17.Final}
27-07-2018 12:02:16.261 [restartedMain] INFO  org.hibernate.cfg.Environment.<clinit> - HHH000206: hibernate.properties not found
27-07-2018 12:02:16.350 [hz.hazelcast-instance.HealthMonitor] INFO  c.h.i.diagnostics.HealthMonitor.log - [172.16.14.29]:5701 [dev] [3.9.4] processors=4, physical.memory.total=15.9G, physical.memory.free=7.5G, swap.space.total=18.2G, swap.space.free=6.6G, heap.memory.used=174.2M, heap.memory.free=313.8M, heap.memory.total=488.0M, heap.memory.max=3.5G, heap.memory.used/total=35.69%, heap.memory.used/max=4.82%, minor.gc.count=9, minor.gc.time=97ms, major.gc.count=2, major.gc.time=111ms, load.process=55.65%, load.system=100.00%, load.systemAverage=n/a thread.count=52, thread.peakCount=53, cluster.timeDiff=0, event.q.size=0, executor.q.async.size=0, executor.q.client.size=0, executor.q.query.size=0, executor.q.scheduled.size=0, executor.q.io.size=0, executor.q.system.size=0, executor.q.operations.size=0, executor.q.priorityOperation.size=0, operations.completed.count=1, executor.q.mapLoad.size=0, executor.q.mapLoadAllKeys.size=0, executor.q.cluster.size=0, executor.q.response.size=0, operations.running.count=0, operations.pending.invocations.percentage=0.00%, operations.pending.invocations.count=0, proxy.count=0, clientEndpoint.count=0, connection.active.count=0, client.connection.count=0, connection.count=0
27-07-2018 12:02:16.370 [restartedMain] INFO  o.h.annotations.common.Version.<clinit> - HCANN000001: Hibernate Commons Annotations {5.0.1.Final}
27-07-2018 12:02:16.635 [restartedMain] INFO  org.hibernate.dialect.Dialect.<init> - HHH000400: Using dialect: org.hibernate.dialect.MySQL5InnoDBDialect
27-07-2018 12:02:17.311 [restartedMain] INFO  o.h.t.s.internal.SchemaCreatorImpl.applyImportSources - HHH000476: Executing import script 'org.hibernate.tool.schema.internal.exec.ScriptSourceInputNonExistentImpl@efc2841'
27-07-2018 12:02:17.314 [restartedMain] INFO  o.s.o.j.LocalContainerEntityManagerFactoryBean.buildNativeEntityManagerFactory - Initialized JPA EntityManagerFactory for persistence unit 'default'
27-07-2018 12:02:18.353 [restartedMain] INFO  o.s.w.s.h.SimpleUrlHandlerMapping.registerHandler - Mapped URL path [/**/favicon.ico] onto handler of type [class org.springframework.web.servlet.resource.ResourceHttpRequestHandler]
27-07-2018 12:02:18.531 [restartedMain] INFO  o.s.w.s.m.m.a.RequestMappingHandlerAdapter.initControllerAdviceCache - Looking for @ControllerAdvice: org.springframework.boot.web.servlet.context.AnnotationConfigServletWebServerApplicationContext@3f8d3a6: startup date [Fri Jul 27 12:02:06 IST 2018]; root of context hierarchy
27-07-2018 12:02:18.590 [restartedMain] WARN  o.s.b.a.o.j.JpaBaseConfiguration$JpaWebConfiguration$JpaWebMvcConfiguration.openEntityManagerInViewInterceptor - spring.jpa.open-in-view is enabled by default. Therefore, database queries may be performed during view rendering. Explicitly configure spring.jpa.open-in-view to disable this warning
27-07-2018 12:02:18.637 [restartedMain] INFO  o.s.w.s.m.m.a.RequestMappingHandlerMapping.register - Mapped "{[/Trade/getSecurityList],methods=[GET],produces=[application/json]}" onto public java.util.List<java.lang.String> com.iris.kafkaconsumer.controller.TradeController.getSeurityList()
27-07-2018 12:02:18.638 [restartedMain] INFO  o.s.w.s.m.m.a.RequestMappingHandlerMapping.register - Mapped "{[/Trade/{security}/{tradeDate}/{tradeTime}],methods=[GET],produces=[application/json]}" onto public java.lang.String com.iris.kafkaconsumer.controller.TradeController.findTrade(java.lang.String,java.lang.String,java.lang.String) throws java.text.ParseException
27-07-2018 12:02:18.640 [restartedMain] INFO  o.s.w.s.m.m.a.RequestMappingHandlerMapping.register - Mapped "{[/Trade/{security}],methods=[GET],produces=[application/json]}" onto public java.util.List<com.iris.kafkaconsumer.model.Trade> com.iris.kafkaconsumer.controller.TradeController.getTradeListBySecurity(java.lang.String)
27-07-2018 12:02:18.643 [restartedMain] INFO  o.s.w.s.m.m.a.RequestMappingHandlerMapping.register - Mapped "{[/error]}" onto public org.springframework.http.ResponseEntity<java.util.Map<java.lang.String, java.lang.Object>> org.springframework.boot.autoconfigure.web.servlet.error.BasicErrorController.error(javax.servlet.http.HttpServletRequest)
27-07-2018 12:02:18.644 [restartedMain] INFO  o.s.w.s.m.m.a.RequestMappingHandlerMapping.register - Mapped "{[/error],produces=[text/html]}" onto public org.springframework.web.servlet.ModelAndView org.springframework.boot.autoconfigure.web.servlet.error.BasicErrorController.errorHtml(javax.servlet.http.HttpServletRequest,javax.servlet.http.HttpServletResponse)
27-07-2018 12:02:18.692 [restartedMain] INFO  o.s.w.s.h.SimpleUrlHandlerMapping.registerHandler - Mapped URL path [/webjars/**] onto handler of type [class org.springframework.web.servlet.resource.ResourceHttpRequestHandler]
27-07-2018 12:02:18.694 [restartedMain] INFO  o.s.w.s.h.SimpleUrlHandlerMapping.registerHandler - Mapped URL path [/**] onto handler of type [class org.springframework.web.servlet.resource.ResourceHttpRequestHandler]
27-07-2018 12:02:18.747 [restartedMain] INFO  o.s.w.s.m.m.a.ExceptionHandlerExceptionResolver.initExceptionHandlerAdviceCache - Detected @ExceptionHandler methods in repositoryRestExceptionHandler
27-07-2018 12:02:19.195 [restartedMain] INFO  o.s.d.r.w.RepositoryRestHandlerAdapter.initControllerAdviceCache - Looking for @ControllerAdvice: org.springframework.boot.web.servlet.context.AnnotationConfigServletWebServerApplicationContext@3f8d3a6: startup date [Fri Jul 27 12:02:06 IST 2018]; root of context hierarchy
27-07-2018 12:02:19.221 [restartedMain] INFO  o.s.d.r.w.RepositoryRestHandlerMapping.register - Mapped "{[/{repository}/search],methods=[HEAD],produces=[application/hal+json || application/json]}" onto public org.springframework.http.HttpEntity<?> org.springframework.data.rest.webmvc.RepositorySearchController.headForSearches(org.springframework.data.rest.webmvc.RootResourceInformation)
27-07-2018 12:02:19.222 [restartedMain] INFO  o.s.d.r.w.RepositoryRestHandlerMapping.register - Mapped "{[/{repository}/search/{search}],methods=[GET],produces=[application/hal+json || application/json]}" onto public org.springframework.http.ResponseEntity<?> org.springframework.data.rest.webmvc.RepositorySearchController.executeSearch(org.springframework.data.rest.webmvc.RootResourceInformation,org.springframework.util.MultiValueMap<java.lang.String, java.lang.Object>,java.lang.String,org.springframework.data.rest.webmvc.support.DefaultedPageable,org.springframework.data.domain.Sort,org.springframework.data.rest.webmvc.PersistentEntityResourceAssembler,org.springframework.http.HttpHeaders)
27-07-2018 12:02:19.223 [restartedMain] INFO  o.s.d.r.w.RepositoryRestHandlerMapping.register - Mapped "{[/{repository}/search/{search}],methods=[OPTIONS],produces=[application/hal+json || application/json]}" onto public org.springframework.http.ResponseEntity<java.lang.Object> org.springframework.data.rest.webmvc.RepositorySearchController.optionsForSearch(org.springframework.data.rest.webmvc.RootResourceInformation,java.lang.String)
27-07-2018 12:02:19.224 [restartedMain] INFO  o.s.d.r.w.RepositoryRestHandlerMapping.register - Mapped "{[/{repository}/search],methods=[GET],produces=[application/hal+json || application/json]}" onto public org.springframework.data.rest.webmvc.RepositorySearchesResource org.springframework.data.rest.webmvc.RepositorySearchController.listSearches(org.springframework.data.rest.webmvc.RootResourceInformation)
27-07-2018 12:02:19.224 [restartedMain] INFO  o.s.d.r.w.RepositoryRestHandlerMapping.register - Mapped "{[/{repository}/search/{search}],methods=[HEAD],produces=[application/hal+json || application/json]}" onto public org.springframework.http.ResponseEntity<java.lang.Object> org.springframework.data.rest.webmvc.RepositorySearchController.headForSearch(org.springframework.data.rest.webmvc.RootResourceInformation,java.lang.String)
27-07-2018 12:02:19.225 [restartedMain] INFO  o.s.d.r.w.RepositoryRestHandlerMapping.register - Mapped "{[/{repository}/search/{search}],methods=[GET],produces=[application/x-spring-data-compact+json]}" onto public org.springframework.hateoas.ResourceSupport org.springframework.data.rest.webmvc.RepositorySearchController.executeSearchCompact(org.springframework.data.rest.webmvc.RootResourceInformation,org.springframework.http.HttpHeaders,org.springframework.util.MultiValueMap<java.lang.String, java.lang.Object>,java.lang.String,java.lang.String,org.springframework.data.rest.webmvc.support.DefaultedPageable,org.springframework.data.domain.Sort,org.springframework.data.rest.webmvc.PersistentEntityResourceAssembler)
27-07-2018 12:02:19.225 [restartedMain] INFO  o.s.d.r.w.RepositoryRestHandlerMapping.register - Mapped "{[/{repository}/search],methods=[OPTIONS],produces=[application/hal+json || application/json]}" onto public org.springframework.http.HttpEntity<?> org.springframework.data.rest.webmvc.RepositorySearchController.optionsForSearches(org.springframework.data.rest.webmvc.RootResourceInformation)
27-07-2018 12:02:19.227 [restartedMain] INFO  o.s.d.r.w.RepositoryRestHandlerMapping.register - Mapped "{[/{repository}/{id}/{property}/{propertyId}],methods=[DELETE],produces=[application/hal+json || application/json]}" onto public org.springframework.http.ResponseEntity<org.springframework.hateoas.ResourceSupport> org.springframework.data.rest.webmvc.RepositoryPropertyReferenceController.deletePropertyReferenceId(org.springframework.data.rest.webmvc.RootResourceInformation,java.io.Serializable,java.lang.String,java.lang.String) throws java.lang.Exception
27-07-2018 12:02:19.228 [restartedMain] INFO  o.s.d.r.w.RepositoryRestHandlerMapping.register - Mapped "{[/{repository}/{id}/{property}/{propertyId}],methods=[GET],produces=[application/hal+json || application/json]}" onto public org.springframework.http.ResponseEntity<org.springframework.hateoas.ResourceSupport> org.springframework.data.rest.webmvc.RepositoryPropertyReferenceController.followPropertyReference(org.springframework.data.rest.webmvc.RootResourceInformation,java.io.Serializable,java.lang.String,java.lang.String,org.springframework.data.rest.webmvc.PersistentEntityResourceAssembler) throws java.lang.Exception
27-07-2018 12:02:19.229 [restartedMain] INFO  o.s.d.r.w.RepositoryRestHandlerMapping.register - Mapped "{[/{repository}/{id}/{property}],methods=[GET],produces=[application/hal+json || application/json]}" onto public org.springframework.http.ResponseEntity<org.springframework.hateoas.ResourceSupport> org.springframework.data.rest.webmvc.RepositoryPropertyReferenceController.followPropertyReference(org.springframework.data.rest.webmvc.RootResourceInformation,java.io.Serializable,java.lang.String,org.springframework.data.rest.webmvc.PersistentEntityResourceAssembler) throws java.lang.Exception
27-07-2018 12:02:19.230 [restartedMain] INFO  o.s.d.r.w.RepositoryRestHandlerMapping.register - Mapped "{[/{repository}/{id}/{property}],methods=[DELETE],produces=[application/hal+json || application/json]}" onto public org.springframework.http.ResponseEntity<? extends org.springframework.hateoas.ResourceSupport> org.springframework.data.rest.webmvc.RepositoryPropertyReferenceController.deletePropertyReference(org.springframework.data.rest.webmvc.RootResourceInformation,java.io.Serializable,java.lang.String) throws java.lang.Exception
27-07-2018 12:02:19.231 [restartedMain] INFO  o.s.d.r.w.RepositoryRestHandlerMapping.register - Mapped "{[/{repository}/{id}/{property}],methods=[GET],produces=[application/x-spring-data-compact+json || text/uri-list]}" onto public org.springframework.http.ResponseEntity<org.springframework.hateoas.ResourceSupport> org.springframework.data.rest.webmvc.RepositoryPropertyReferenceController.followPropertyReferenceCompact(org.springframework.data.rest.webmvc.RootResourceInformation,java.io.Serializable,java.lang.String,org.springframework.data.rest.webmvc.PersistentEntityResourceAssembler) throws java.lang.Exception
27-07-2018 12:02:19.231 [restartedMain] INFO  o.s.d.r.w.RepositoryRestHandlerMapping.register - Mapped "{[/{repository}/{id}/{property}],methods=[PATCH || PUT || POST],consumes=[application/json || application/x-spring-data-compact+json || text/uri-list],produces=[application/hal+json || application/json]}" onto public org.springframework.http.ResponseEntity<? extends org.springframework.hateoas.ResourceSupport> org.springframework.data.rest.webmvc.RepositoryPropertyReferenceController.createPropertyReference(org.springframework.data.rest.webmvc.RootResourceInformation,org.springframework.http.HttpMethod,org.springframework.hateoas.Resources<java.lang.Object>,java.io.Serializable,java.lang.String) throws java.lang.Exception
27-07-2018 12:02:19.233 [restartedMain] INFO  o.s.d.r.w.RepositoryRestHandlerMapping.register - Mapped "{[/{repository}/{id}],methods=[GET],produces=[application/hal+json || application/json]}" onto public org.springframework.http.ResponseEntity<org.springframework.hateoas.Resource<?>> org.springframework.data.rest.webmvc.RepositoryEntityController.getItemResource(org.springframework.data.rest.webmvc.RootResourceInformation,java.io.Serializable,org.springframework.data.rest.webmvc.PersistentEntityResourceAssembler,org.springframework.http.HttpHeaders) throws org.springframework.web.HttpRequestMethodNotSupportedException
27-07-2018 12:02:19.235 [restartedMain] INFO  o.s.d.r.w.RepositoryRestHandlerMapping.register - Mapped "{[/{repository}/{id}],methods=[PUT],produces=[application/hal+json || application/json]}" onto public org.springframework.http.ResponseEntity<? extends org.springframework.hateoas.ResourceSupport> org.springframework.data.rest.webmvc.RepositoryEntityController.putItemResource(org.springframework.data.rest.webmvc.RootResourceInformation,org.springframework.data.rest.webmvc.PersistentEntityResource,java.io.Serializable,org.springframework.data.rest.webmvc.PersistentEntityResourceAssembler,org.springframework.data.rest.webmvc.support.ETag,java.lang.String) throws org.springframework.web.HttpRequestMethodNotSupportedException
27-07-2018 12:02:19.236 [restartedMain] INFO  o.s.d.r.w.RepositoryRestHandlerMapping.register - Mapped "{[/{repository}],methods=[OPTIONS],produces=[application/hal+json || application/json]}" onto public org.springframework.http.ResponseEntity<?> org.springframework.data.rest.webmvc.RepositoryEntityController.optionsForCollectionResource(org.springframework.data.rest.webmvc.RootResourceInformation)
27-07-2018 12:02:19.237 [restartedMain] INFO  o.s.d.r.w.RepositoryRestHandlerMapping.register - Mapped "{[/{repository}/{id}],methods=[OPTIONS],produces=[application/hal+json || application/json]}" onto public org.springframework.http.ResponseEntity<?> org.springframework.data.rest.webmvc.RepositoryEntityController.optionsForItemResource(org.springframework.data.rest.webmvc.RootResourceInformation)
27-07-2018 12:02:19.237 [restartedMain] INFO  o.s.d.r.w.RepositoryRestHandlerMapping.register - Mapped "{[/{repository}],methods=[GET],produces=[application/hal+json || application/json]}" onto public org.springframework.hateoas.Resources<?> org.springframework.data.rest.webmvc.RepositoryEntityController.getCollectionResource(org.springframework.data.rest.webmvc.RootResourceInformation,org.springframework.data.rest.webmvc.support.DefaultedPageable,org.springframework.data.domain.Sort,org.springframework.data.rest.webmvc.PersistentEntityResourceAssembler) throws org.springframework.data.rest.webmvc.ResourceNotFoundException,org.springframework.web.HttpRequestMethodNotSupportedException
27-07-2018 12:02:19.238 [restartedMain] INFO  o.s.d.r.w.RepositoryRestHandlerMapping.register - Mapped "{[/{repository}/{id}],methods=[HEAD],produces=[application/hal+json || application/json]}" onto public org.springframework.http.ResponseEntity<?> org.springframework.data.rest.webmvc.RepositoryEntityController.headForItemResource(org.springframework.data.rest.webmvc.RootResourceInformation,java.io.Serializable,org.springframework.data.rest.webmvc.PersistentEntityResourceAssembler) throws org.springframework.web.HttpRequestMethodNotSupportedException
27-07-2018 12:02:19.238 [restartedMain] INFO  o.s.d.r.w.RepositoryRestHandlerMapping.register - Mapped "{[/{repository}],methods=[HEAD],produces=[application/hal+json || application/json]}" onto public org.springframework.http.ResponseEntity<?> org.springframework.data.rest.webmvc.RepositoryEntityController.headCollectionResource(org.springframework.data.rest.webmvc.RootResourceInformation,org.springframework.data.rest.webmvc.support.DefaultedPageable) throws org.springframework.web.HttpRequestMethodNotSupportedException
27-07-2018 12:02:19.238 [restartedMain] INFO  o.s.d.r.w.RepositoryRestHandlerMapping.register - Mapped "{[/{repository}/{id}],methods=[PATCH],produces=[application/hal+json || application/json]}" onto public org.springframework.http.ResponseEntity<org.springframework.hateoas.ResourceSupport> org.springframework.data.rest.webmvc.RepositoryEntityController.patchItemResource(org.springframework.data.rest.webmvc.RootResourceInformation,org.springframework.data.rest.webmvc.PersistentEntityResource,java.io.Serializable,org.springframework.data.rest.webmvc.PersistentEntityResourceAssembler,org.springframework.data.rest.webmvc.support.ETag,java.lang.String) throws org.springframework.web.HttpRequestMethodNotSupportedException,org.springframework.data.rest.webmvc.ResourceNotFoundException
27-07-2018 12:02:19.239 [restartedMain] INFO  o.s.d.r.w.RepositoryRestHandlerMapping.register - Mapped "{[/{repository}],methods=[GET],produces=[application/x-spring-data-compact+json || text/uri-list]}" onto public org.springframework.hateoas.Resources<?> org.springframework.data.rest.webmvc.RepositoryEntityController.getCollectionResourceCompact(org.springframework.data.rest.webmvc.RootResourceInformation,org.springframework.data.rest.webmvc.support.DefaultedPageable,org.springframework.data.domain.Sort,org.springframework.data.rest.webmvc.PersistentEntityResourceAssembler) throws org.springframework.data.rest.webmvc.ResourceNotFoundException,org.springframework.web.HttpRequestMethodNotSupportedException
27-07-2018 12:02:19.240 [restartedMain] INFO  o.s.d.r.w.RepositoryRestHandlerMapping.register - Mapped "{[/{repository}/{id}],methods=[DELETE],produces=[application/hal+json || application/json]}" onto public org.springframework.http.ResponseEntity<?> org.springframework.data.rest.webmvc.RepositoryEntityController.deleteItemResource(org.springframework.data.rest.webmvc.RootResourceInformation,java.io.Serializable,org.springframework.data.rest.webmvc.support.ETag) throws org.springframework.data.rest.webmvc.ResourceNotFoundException,org.springframework.web.HttpRequestMethodNotSupportedException
27-07-2018 12:02:19.241 [restartedMain] INFO  o.s.d.r.w.RepositoryRestHandlerMapping.register - Mapped "{[/{repository}],methods=[POST],produces=[application/hal+json || application/json]}" onto public org.springframework.http.ResponseEntity<org.springframework.hateoas.ResourceSupport> org.springframework.data.rest.webmvc.RepositoryEntityController.postCollectionResource(org.springframework.data.rest.webmvc.RootResourceInformation,org.springframework.data.rest.webmvc.PersistentEntityResource,org.springframework.data.rest.webmvc.PersistentEntityResourceAssembler,java.lang.String) throws org.springframework.web.HttpRequestMethodNotSupportedException
27-07-2018 12:02:19.243 [restartedMain] INFO  o.s.d.r.w.RepositoryRestHandlerMapping.register - Mapped "{[/ || ],methods=[GET],produces=[application/hal+json || application/json]}" onto public org.springframework.http.HttpEntity<org.springframework.data.rest.webmvc.RepositoryLinksResource> org.springframework.data.rest.webmvc.RepositoryController.listRepositories()
27-07-2018 12:02:19.244 [restartedMain] INFO  o.s.d.r.w.RepositoryRestHandlerMapping.register - Mapped "{[/ || ],methods=[HEAD],produces=[application/hal+json || application/json]}" onto public org.springframework.http.ResponseEntity<?> org.springframework.data.rest.webmvc.RepositoryController.headForRepositories()
27-07-2018 12:02:19.244 [restartedMain] INFO  o.s.d.r.w.RepositoryRestHandlerMapping.register - Mapped "{[/ || ],methods=[OPTIONS],produces=[application/hal+json || application/json]}" onto public org.springframework.http.HttpEntity<?> org.springframework.data.rest.webmvc.RepositoryController.optionsForRepositories()
27-07-2018 12:02:19.248 [restartedMain] INFO  o.s.d.r.w.BasePathAwareHandlerMapping.register - Mapped "{[/profile/{repository}],methods=[GET],produces=[application/schema+json]}" onto public org.springframework.http.HttpEntity<org.springframework.data.rest.webmvc.json.JsonSchema> org.springframework.data.rest.webmvc.RepositorySchemaController.schema(org.springframework.data.rest.webmvc.RootResourceInformation)
27-07-2018 12:02:19.250 [restartedMain] INFO  o.s.d.r.w.BasePathAwareHandlerMapping.register - Mapped "{[/profile],methods=[OPTIONS]}" onto public org.springframework.http.HttpEntity<?> org.springframework.data.rest.webmvc.ProfileController.profileOptions()
27-07-2018 12:02:19.251 [restartedMain] INFO  o.s.d.r.w.BasePathAwareHandlerMapping.register - Mapped "{[/profile],methods=[GET]}" onto org.springframework.http.HttpEntity<org.springframework.hateoas.ResourceSupport> org.springframework.data.rest.webmvc.ProfileController.listAllFormsOfMetadata()
27-07-2018 12:02:19.251 [restartedMain] INFO  o.s.d.r.w.BasePathAwareHandlerMapping.register - Mapped "{[/profile/{repository}],methods=[GET],produces=[application/alps+json || */*]}" onto org.springframework.http.HttpEntity<org.springframework.data.rest.webmvc.RootResourceInformation> org.springframework.data.rest.webmvc.alps.AlpsController.descriptor(org.springframework.data.rest.webmvc.RootResourceInformation)
27-07-2018 12:02:19.252 [restartedMain] INFO  o.s.d.r.w.BasePathAwareHandlerMapping.register - Mapped "{[/profile/{repository}],methods=[OPTIONS],produces=[application/alps+json]}" onto org.springframework.http.HttpEntity<?> org.springframework.data.rest.webmvc.alps.AlpsController.alpsOptions()
27-07-2018 12:02:19.545 [restartedMain] WARN  o.s.b.d.a.OptionalLiveReloadServer.startServer - Unable to start LiveReload server
27-07-2018 12:02:19.568 [restartedMain] INFO  o.s.b.a.e.web.EndpointLinksResolver.<init> - Exposing 2 endpoint(s) beneath base path '/actuator'
27-07-2018 12:02:19.585 [restartedMain] INFO  o.s.b.a.e.w.s.WebMvcEndpointHandlerMapping.register - Mapped "{[/actuator/health],methods=[GET],produces=[application/vnd.spring-boot.actuator.v2+json || application/json]}" onto public java.lang.Object org.springframework.boot.actuate.endpoint.web.servlet.AbstractWebMvcEndpointHandlerMapping$OperationHandler.handle(javax.servlet.http.HttpServletRequest,java.util.Map<java.lang.String, java.lang.String>)
27-07-2018 12:02:19.588 [restartedMain] INFO  o.s.b.a.e.w.s.WebMvcEndpointHandlerMapping.register - Mapped "{[/actuator/info],methods=[GET],produces=[application/vnd.spring-boot.actuator.v2+json || application/json]}" onto public java.lang.Object org.springframework.boot.actuate.endpoint.web.servlet.AbstractWebMvcEndpointHandlerMapping$OperationHandler.handle(javax.servlet.http.HttpServletRequest,java.util.Map<java.lang.String, java.lang.String>)
27-07-2018 12:02:19.590 [restartedMain] INFO  o.s.b.a.e.w.s.WebMvcEndpointHandlerMapping.register - Mapped "{[/actuator],methods=[GET],produces=[application/vnd.spring-boot.actuator.v2+json || application/json]}" onto protected java.util.Map<java.lang.String, java.util.Map<java.lang.String, org.springframework.boot.actuate.endpoint.web.Link>> org.springframework.boot.actuate.endpoint.web.servlet.WebMvcEndpointHandlerMapping.links(javax.servlet.http.HttpServletRequest,javax.servlet.http.HttpServletResponse)
27-07-2018 12:02:19.720 [restartedMain] INFO  o.s.j.e.a.AnnotationMBeanExporter.afterSingletonsInstantiated - Registering beans for JMX exposure on startup
27-07-2018 12:02:19.721 [restartedMain] INFO  o.s.j.e.a.AnnotationMBeanExporter.autodetect - Bean with name 'dataSource' has been autodetected for JMX exposure
27-07-2018 12:02:19.729 [restartedMain] INFO  o.s.j.e.a.AnnotationMBeanExporter.registerBeanInstance - Located MBean 'dataSource': registering with JMX server as MBean [com.zaxxer.hikari:name=dataSource,type=HikariDataSource]
27-07-2018 12:02:19.780 [restartedMain] INFO  o.s.c.s.DefaultLifecycleProcessor.start - Starting beans in phase 2147483547
27-07-2018 12:02:19.804 [restartedMain] INFO  o.a.k.c.consumer.ConsumerConfig.logAll - ConsumerConfig values: 
	auto.commit.interval.ms = 5000
	auto.offset.reset = latest
	bootstrap.servers = [127.0.0.1:9092]
	check.crcs = true
	client.id = 
	connections.max.idle.ms = 540000
	enable.auto.commit = true
	exclude.internal.topics = true
	fetch.max.bytes = 52428800
	fetch.max.wait.ms = 500
	fetch.min.bytes = 1
	group.id = trade_json
	heartbeat.interval.ms = 3000
	interceptor.classes = null
	internal.leave.group.on.close = true
	isolation.level = read_uncommitted
	key.deserializer = class org.apache.kafka.common.serialization.StringDeserializer
	max.partition.fetch.bytes = 1048576
	max.poll.interval.ms = 300000
	max.poll.records = 500
	metadata.max.age.ms = 300000
	metric.reporters = []
	metrics.num.samples = 2
	metrics.recording.level = INFO
	metrics.sample.window.ms = 30000
	partition.assignment.strategy = [class org.apache.kafka.clients.consumer.RangeAssignor]
	receive.buffer.bytes = 65536
	reconnect.backoff.max.ms = 1000
	reconnect.backoff.ms = 50
	request.timeout.ms = 305000
	retry.backoff.ms = 100
	sasl.jaas.config = null
	sasl.kerberos.kinit.cmd = /usr/bin/kinit
	sasl.kerberos.min.time.before.relogin = 60000
	sasl.kerberos.service.name = null
	sasl.kerberos.ticket.renew.jitter = 0.05
	sasl.kerberos.ticket.renew.window.factor = 0.8
	sasl.mechanism = GSSAPI
	security.protocol = PLAINTEXT
	send.buffer.bytes = 131072
	session.timeout.ms = 10000
	ssl.cipher.suites = null
	ssl.enabled.protocols = [TLSv1.2, TLSv1.1, TLSv1]
	ssl.endpoint.identification.algorithm = null
	ssl.key.password = null
	ssl.keymanager.algorithm = SunX509
	ssl.keystore.location = null
	ssl.keystore.password = null
	ssl.keystore.type = JKS
	ssl.protocol = TLS
	ssl.provider = null
	ssl.secure.random.implementation = null
	ssl.trustmanager.algorithm = PKIX
	ssl.truststore.location = null
	ssl.truststore.password = null
	ssl.truststore.type = JKS
	value.deserializer = class org.springframework.kafka.support.serializer.JsonDeserializer

27-07-2018 12:02:19.908 [restartedMain] INFO  o.a.kafka.common.utils.AppInfoParser.<init> - Kafka version : 1.0.1
27-07-2018 12:02:19.908 [restartedMain] INFO  o.a.kafka.common.utils.AppInfoParser.<init> - Kafka commitId : c0518aa65f25317e
27-07-2018 12:02:19.913 [restartedMain] INFO  o.s.s.c.ThreadPoolTaskScheduler.initialize - Initializing ExecutorService 
27-07-2018 12:02:19.951 [restartedMain] INFO  o.s.b.w.e.tomcat.TomcatWebServer.start - Tomcat started on port(s): 8081 (http) with context path ''
27-07-2018 12:02:19.955 [restartedMain] INFO  c.i.k.KafkaConsumerApplication.logStarted - Started KafkaConsumerApplication in 14.376 seconds (JVM running for 15.18)
27-07-2018 12:02:20.086 [org.springframework.kafka.KafkaListenerEndpointContainer#0-0-C-1] INFO  o.a.k.c.c.i.AbstractCoordinator.info - [Consumer clientId=consumer-1, groupId=trade_json] Discovered group coordinator IRIS-CSG-1206.irissoftware.com:9092 (id: 2147483647 rack: null)
27-07-2018 12:02:20.090 [org.springframework.kafka.KafkaListenerEndpointContainer#0-0-C-1] INFO  o.a.k.c.c.i.ConsumerCoordinator.info - [Consumer clientId=consumer-1, groupId=trade_json] Revoking previously assigned partitions []
27-07-2018 12:02:20.090 [org.springframework.kafka.KafkaListenerEndpointContainer#0-0-C-1] INFO  o.s.k.l.KafkaMessageListenerContainer.onPartitionsRevoked - partitions revoked: []
27-07-2018 12:02:20.090 [org.springframework.kafka.KafkaListenerEndpointContainer#0-0-C-1] INFO  o.a.k.c.c.i.AbstractCoordinator.info - [Consumer clientId=consumer-1, groupId=trade_json] (Re-)joining group
27-07-2018 12:02:20.109 [org.springframework.kafka.KafkaListenerEndpointContainer#0-0-C-1] INFO  o.a.k.c.c.i.AbstractCoordinator.info - [Consumer clientId=consumer-1, groupId=trade_json] Successfully joined group with generation 5
27-07-2018 12:02:20.110 [org.springframework.kafka.KafkaListenerEndpointContainer#0-0-C-1] INFO  o.a.k.c.c.i.ConsumerCoordinator.info - [Consumer clientId=consumer-1, groupId=trade_json] Setting newly assigned partitions [trade_feed-0]
27-07-2018 12:02:20.112 [org.springframework.kafka.KafkaListenerEndpointContainer#0-0-C-1] INFO  o.s.k.l.KafkaMessageListenerContainer.onPartitionsAssigned - partitions assigned: [trade_feed-0]
27-07-2018 12:02:20.329 [org.springframework.kafka.KafkaListenerEndpointContainer#0-0-C-1] INFO  c.h.i.p.impl.PartitionStateManager.log - [172.16.14.29]:5701 [dev] [3.9.4] Initializing cluster partition table arrangement...
